           _                 _    
  __ _  __| |_ __ __ _ _ __ | |_  
 / _` |/ _` | '__/ _` | '_ \| __| 
| (_| | (_| | | | (_| | | | | |_  
 \__, |\__,_|_|  \__,_|_| |_|\__| 
    |_|                           

Version: 1.11.4, build: d8b6e4a0
Access web UI at http://localhost:6333/dashboard

2024-09-22T10:23:20.416798Z  INFO storage::content_manager::consensus::persistent: Loading raft state from ./storage/raft_state.json    
2024-09-22T10:23:20.417882Z DEBUG storage::content_manager::consensus::persistent: State: Persistent { state: RaftState { hard_state: HardState { term: 0, vote: 0, commit: 0 }, conf_state: ConfState { voters: [2274425952401659], learners: [], voters_outgoing: [], learners_next: [], auto_leave: false } }, latest_snapshot_meta: SnapshotMetadataSer { term: 0, index: 0 }, apply_progress_queue: EntryApplyProgressQueue(None), peer_address_by_id: RwLock { data: {} }, peer_metadata_by_id: RwLock { data: {} }, cluster_metadata: {}, this_peer_id: 2274425952401659, path: "./storage/raft_state.json", dirty: false }    
2024-09-22T10:23:20.441275Z  INFO storage::content_manager::toc: Loading collection: default    
2024-09-22T10:23:20.512908Z  INFO collection::shards::local_shard: Recovering collection default: 0/1 (0%)    
2024-09-22T10:23:20.531923Z  INFO collection::shards::local_shard: Recovered collection default: 1/1 (100%)    
2024-09-22T10:23:20.534397Z DEBUG qdrant: Loaded collection: default    
2024-09-22T10:23:20.534409Z  INFO qdrant: Distributed mode disabled    
2024-09-22T10:23:20.534421Z  INFO qdrant: Telemetry reporting disabled    
2024-09-22T10:23:20.535500Z DEBUG qdrant: Waiting for thread web to finish    
2024-09-22T10:23:20.535789Z  WARN qdrant::actix::web_ui: Static content folder for Web UI './static' does not exist    
2024-09-22T10:23:20.536151Z  INFO qdrant::actix: TLS disabled for REST API    
2024-09-22T10:23:20.536237Z  INFO qdrant::actix: Qdrant HTTP listening on 6333    
2024-09-22T10:23:20.536247Z  INFO actix_server::builder: Starting 11 workers
2024-09-22T10:23:20.536252Z  INFO actix_server::server: Actix runtime found; starting in Actix runtime
2024-09-22T10:23:20.539408Z  INFO qdrant::tonic: Qdrant gRPC listening on 6334    
2024-09-22T10:23:20.539430Z  INFO qdrant::tonic: TLS disabled for gRPC API    
2024-09-22T10:23:30.419686Z  INFO storage::content_manager::toc::collection_meta_ops: Deleting collection default    
2024-09-22T10:23:30.420229Z DEBUG collection::update_handler: Stopping flush worker.    
2024-09-22T10:23:30.423196Z  INFO actix_web::middleware::logger: 127.0.0.1 "DELETE /collections/default HTTP/1.1" 200 48 "-" "curl/7.81.0" 0.003597    
2024-09-22T10:24:13.682260Z DEBUG storage::content_manager::snapshots::recover: Downloading snapshot from file:///home/san/gaianet/qdrant/snapshots/default/default.snapshot to /home/san/gaianet/qdrant/./snapshots/tmp/download-TVr9zM    
2024-09-22T10:24:13.682291Z DEBUG storage::content_manager::snapshots::recover: Snapshot downloaded to /home/san/gaianet/qdrant/snapshots/default/default.snapshot    
2024-09-22T10:24:13.682505Z DEBUG storage::content_manager::snapshots::recover: Recovering collection default from snapshot /home/san/gaianet/qdrant/snapshots/default/default.snapshot    
2024-09-22T10:24:13.682511Z DEBUG storage::content_manager::snapshots::recover: Unpacking snapshot to /home/san/gaianet/qdrant/./storage/tmp/col-default-recovery-BALKPM    
2024-09-22T10:24:15.091712Z DEBUG storage::content_manager::snapshots::recover: Collection default does not exist, creating it    
2024-09-22T10:24:15.091743Z  INFO storage::content_manager::toc::collection_meta_ops: Creating collection default    
2024-09-22T10:24:15.319983Z DEBUG collection::collection: Changing shard default:0 replica state from Some(Initializing) to Active    
2024-09-22T10:24:15.320003Z DEBUG collection::shards::replica_set: Changing local shard default:0 state from Some(Initializing) to Active    
2024-09-22T10:24:15.323568Z DEBUG storage::content_manager::snapshots::recover: Recovering shard 0 from /home/san/gaianet/qdrant/./storage/tmp/col-default-recovery-BALKPM/0    
2024-09-22T10:24:15.323807Z DEBUG collection::update_handler: Stopping flush worker.    
2024-09-22T10:24:15.477748Z  INFO collection::shards::local_shard: Recovering collection default: 0/23 (0%)    
2024-09-22T10:24:15.531187Z  INFO collection::shards::local_shard: Recovered collection default: 23/23 (100%)    
2024-09-22T10:24:15.532466Z DEBUG storage::content_manager::snapshots::recover: Activating shard 0 of collection default locally    
2024-09-22T10:24:15.532485Z DEBUG collection::collection: Changing shard default:0 replica state from Some(Active) to Active    
2024-09-22T10:24:15.532493Z DEBUG collection::shards::replica_set: Changing local shard default:0 state from Some(Active) to Active    
2024-09-22T10:24:15.537799Z  INFO actix_web::middleware::logger: 127.0.0.1 "POST /collections/default/snapshots/upload?priority=snapshot HTTP/1.1" 200 55 "-" "curl/7.81.0" 2.225763    
2024-09-22T10:24:20.562264Z DEBUG qdrant::tonic: Stopping gRPC service on SIGTERM    
2024-09-22T10:24:20.562292Z  INFO actix_server::server: SIGTERM received; starting graceful shutdown
2024-09-22T10:24:20.562349Z  INFO actix_server::worker: Shutting down idle worker
2024-09-22T10:24:20.562348Z  INFO actix_server::worker: Shutting down idle worker
2024-09-22T10:24:20.562388Z  INFO actix_server::worker: Shutting down idle worker
2024-09-22T10:24:20.562398Z  INFO actix_server::worker: Shutting down idle worker
2024-09-22T10:24:20.562422Z  INFO actix_server::worker: Shutting down idle worker
2024-09-22T10:24:20.562436Z  INFO actix_server::worker: Shutting down idle worker
2024-09-22T10:24:20.562358Z DEBUG actix_server::accept: Paused accepting connections on 127.0.0.1:6333
2024-09-22T10:24:20.562469Z  INFO actix_server::worker: Shutting down idle worker
2024-09-22T10:24:20.562482Z  INFO actix_server::accept: Accept thread stopped
2024-09-22T10:24:20.562364Z  INFO actix_server::worker: Shutting down idle worker
2024-09-22T10:24:20.562346Z  INFO actix_server::worker: Shutting down idle worker
2024-09-22T10:24:20.562821Z  INFO actix_server::worker: Shutting down idle worker
2024-09-22T10:24:20.562452Z  INFO actix_server::worker: Shutting down idle worker
2024-09-22T10:24:20.864357Z DEBUG qdrant: Waiting for thread grpc to finish    
2024-09-22T10:24:20.864886Z DEBUG collection::update_handler: Stopping flush worker.    
